#
# There is insufficient memory for the Java Runtime Environment to continue.
# Cannot create GC thread. Out of system resources.
# Possible reasons:
#   The system is out of physical RAM or swap space
#   The process is running with CompressedOops enabled, and the Java Heap may be blocking the growth of the native heap
# Possible solutions:
#   Reduce memory load on the system
#   Increase physical memory or swap space
#   Check if swap backing store is full
#   Decrease Java heap size (-Xmx/-Xms)
#   Decrease number of Java threads
#   Decrease Java thread stack sizes (-Xss)
#   Set larger code cache with -XX:ReservedCodeCacheSize=
# This output file may be truncated or incomplete.
#
#  Out of Memory Error (gcTaskThread.cpp:48), pid=443045, tid=0x00007f442088f700
#
# JRE version:  (8.0_312-b07) (build )
# Java VM: OpenJDK 64-Bit Server VM (25.312-b07 mixed mode linux-amd64 compressed oops)
# Failed to write core dump. Core dumps have been disabled. To enable core dumping, try "ulimit -c unlimited" before starting Java again
#

---------------  T H R E A D  ---------------

Current thread (0x00007f441c00b000):  JavaThread "Unknown thread" [_thread_in_vm, id=444747, stack(0x00007f4420790000,0x00007f4420890000)]

Stack: [0x00007f4420790000,0x00007f4420890000],  sp=0x00007f442088e770,  free space=1017k
Native frames: (J=compiled Java code, j=interpreted, Vv=VM code, C=native code)
V  [libjvm.so+0xb369ea]
V  [libjvm.so+0x4ec541]
V  [libjvm.so+0x5c84cf]
V  [libjvm.so+0x5c7bff]
V  [libjvm.so+0x9a68ca]
V  [libjvm.so+0xaf912a]
V  [libjvm.so+0xaf93b9]
V  [libjvm.so+0x6417b4]
V  [libjvm.so+0xad8e00]
V  [libjvm.so+0x7283a3]  JNI_CreateJavaVM+0x63
C  [libjli.so+0x442a]
C  [libjli.so+0x8dc1]
C  [libpthread.so.0+0x9609]  start_thread+0xd9


---------------  P R O C E S S  ---------------

Java Threads: ( => current thread )

Other Threads:

=>0x00007f441c00b000 (exited) JavaThread "Unknown thread" [_thread_in_vm, id=444747, stack(0x00007f4420790000,0x00007f4420890000)]

VM state:not at safepoint (not fully initialized)

VM Mutex/Monitor currently owned by a thread: None

heap address: 0x00000000c7600000, size: 906 MB, Compressed Oops mode: Non-zero based:0x00000000c75ff000
Narrow klass base: 0x0000000000000000, Narrow klass shift: 0

GC Heap History (0 events):
No events

Deoptimization events (0 events):
No events

Classes redefined (0 events):
No events

Internal exceptions (0 events):
No events

Events (0 events):
No events


Dynamic libraries:
c7600000-c9d00000 rw-p 00000000 00:00 0 
c9d00000-ed200000 ---p 00000000 00:00 0 
ed200000-ee500000 rw-p 00000000 00:00 0 
ee500000-100000000 ---p 00000000 00:00 0 
55e630c20000-55e630c21000 r--p 00000000 08:05 932168                     /usr/lib/jvm/java-8-openjdk-amd64/jre/bin/java
55e630c21000-55e630c22000 r-xp 00001000 08:05 932168                     /usr/lib/jvm/java-8-openjdk-amd64/jre/bin/java
55e630c22000-55e630c23000 r--p 00002000 08:05 932168                     /usr/lib/jvm/java-8-openjdk-amd64/jre/bin/java
55e630c23000-55e630c24000 r--p 00002000 08:05 932168                     /usr/lib/jvm/java-8-openjdk-amd64/jre/bin/java
55e630c24000-55e630c25000 rw-p 00003000 08:05 932168                     /usr/lib/jvm/java-8-openjdk-amd64/jre/bin/java
55e6321c3000-55e6321e4000 rw-p 00000000 00:00 0                          [heap]
7f440cdfe000-7f440cdff000 ---p 00000000 00:00 0 
7f440cdff000-7f440ceff000 rw-p 00000000 00:00 0 
7f440ceff000-7f440cf00000 ---p 00000000 00:00 0 
7f440cf00000-7f440d000000 rw-p 00000000 00:00 0 
7f440d000000-7f440d270000 rwxp 00000000 00:00 0 
7f440d270000-7f441c000000 ---p 00000000 00:00 0 
7f441c000000-7f441c039000 rw-p 00000000 00:00 0 
7f441c039000-7f4420000000 ---p 00000000 00:00 0 
7f4420076000-7f442008a000 rw-p 00000000 00:00 0 
7f442008a000-7f44201a4000 ---p 00000000 00:00 0 
7f44201a4000-7f44201b8000 rw-p 00000000 00:00 0 
7f44201b8000-7f44202d2000 ---p 00000000 00:00 0 
7f44202d2000-7f44202dc000 rw-p 00000000 00:00 0 
7f44202dc000-7f4420369000 ---p 00000000 00:00 0 
7f4420369000-7f4420374000 rw-p 00000000 00:00 0 
7f4420374000-7f442072a000 ---p 00000000 00:00 0 
7f442072a000-7f442072d000 r--p 00000000 08:05 794336                     /usr/lib/x86_64-linux-gnu/libnss_files-2.31.so
7f442072d000-7f4420734000 r-xp 00003000 08:05 794336                     /usr/lib/x86_64-linux-gnu/libnss_files-2.31.so
7f4420734000-7f4420736000 r--p 0000a000 08:05 794336                     /usr/lib/x86_64-linux-gnu/libnss_files-2.31.so
7f4420736000-7f4420737000 r--p 0000b000 08:05 794336                     /usr/lib/x86_64-linux-gnu/libnss_files-2.31.so
7f4420737000-7f4420738000 rw-p 0000c000 08:05 794336                     /usr/lib/x86_64-linux-gnu/libnss_files-2.31.so
7f4420738000-7f442073e000 rw-p 00000000 00:00 0 
7f4420741000-7f4420744000 r--p 00000000 08:05 932682                     /usr/lib/jvm/java-8-openjdk-amd64/jre/lib/amd64/libzip.so
7f4420744000-7f4420749000 r-xp 00003000 08:05 932682                     /usr/lib/jvm/java-8-openjdk-amd64/jre/lib/amd64/libzip.so
7f4420749000-7f442074b000 r--p 00008000 08:05 932682                     /usr/lib/jvm/java-8-openjdk-amd64/jre/lib/amd64/libzip.so
7f442074b000-7f442074c000 r--p 00009000 08:05 932682                     /usr/lib/jvm/java-8-openjdk-amd64/jre/lib/amd64/libzip.so
7f442074c000-7f442074d000 rw-p 0000a000 08:05 932682                     /usr/lib/jvm/java-8-openjdk-amd64/jre/lib/amd64/libzip.so
7f442074d000-7f4420755000 rw-s 00000000 08:05 537488                     /tmp/hsperfdata_sarnobat/443045
7f4420755000-7f4420762000 r--p 00000000 08:05 932663                     /usr/lib/jvm/java-8-openjdk-amd64/jre/lib/amd64/libjava.so
7f4420762000-7f442077a000 r-xp 0000d000 08:05 932663                     /usr/lib/jvm/java-8-openjdk-amd64/jre/lib/amd64/libjava.so
7f442077a000-7f4420781000 r--p 00025000 08:05 932663                     /usr/lib/jvm/java-8-openjdk-amd64/jre/lib/amd64/libjava.so
7f4420781000-7f4420782000 r--p 0002b000 08:05 932663                     /usr/lib/jvm/java-8-openjdk-amd64/jre/lib/amd64/libjava.so
7f4420782000-7f4420784000 rw-p 0002c000 08:05 932663                     /usr/lib/jvm/java-8-openjdk-amd64/jre/lib/amd64/libjava.so
7f4420784000-7f4420787000 r--p 00000000 08:05 794538                     /usr/lib/x86_64-linux-gnu/librt-2.31.so
7f4420787000-7f442078b000 r-xp 00003000 08:05 794538                     /usr/lib/x86_64-linux-gnu/librt-2.31.so
7f442078b000-7f442078c000 r--p 00007000 08:05 794538                     /usr/lib/x86_64-linux-gnu/librt-2.31.so
7f442078c000-7f442078d000 ---p 00008000 08:05 794538                     /usr/lib/x86_64-linux-gnu/librt-2.31.so
7f442078d000-7f442078e000 r--p 00008000 08:05 794538                     /usr/lib/x86_64-linux-gnu/librt-2.31.so
7f442078e000-7f442078f000 rw-p 00009000 08:05 794538                     /usr/lib/x86_64-linux-gnu/librt-2.31.so
7f442078f000-7f4420790000 ---p 00000000 00:00 0 
7f4420790000-7f4420793000 ---p 00000000 00:00 0 
7f4420793000-7f4420890000 rw-p 00000000 00:00 0 
7f4420890000-7f4420893000 r--p 00000000 08:05 788738                     /usr/lib/x86_64-linux-gnu/libgcc_s.so.1
7f4420893000-7f44208a5000 r-xp 00003000 08:05 788738                     /usr/lib/x86_64-linux-gnu/libgcc_s.so.1
7f44208a5000-7f44208a9000 r--p 00015000 08:05 788738                     /usr/lib/x86_64-linux-gnu/libgcc_s.so.1
7f44208a9000-7f44208aa000 r--p 00018000 08:05 788738                     /usr/lib/x86_64-linux-gnu/libgcc_s.so.1
7f44208aa000-7f44208ab000 rw-p 00019000 08:05 788738                     /usr/lib/x86_64-linux-gnu/libgcc_s.so.1
7f44208ab000-7f44208ba000 r--p 00000000 08:05 794212                     /usr/lib/x86_64-linux-gnu/libm-2.31.so
7f44208ba000-7f4420961000 r-xp 0000f000 08:05 794212                     /usr/lib/x86_64-linux-gnu/libm-2.31.so
7f4420961000-7f44209f8000 r--p 000b6000 08:05 794212                     /usr/lib/x86_64-linux-gnu/libm-2.31.so
7f44209f8000-7f44209f9000 r--p 0014c000 08:05 794212                     /usr/lib/x86_64-linux-gnu/libm-2.31.so
7f44209f9000-7f44209fa000 rw-p 0014d000 08:05 794212                     /usr/lib/x86_64-linux-gnu/libm-2.31.so
7f44209fa000-7f4420a90000 r--p 00000000 08:05 788726                     /usr/lib/x86_64-linux-gnu/libstdc++.so.6.0.28
7f4420a90000-7f4420b81000 r-xp 00096000 08:05 788726                     /usr/lib/x86_64-linux-gnu/libstdc++.so.6.0.28
7f4420b81000-7f4420bca000 r--p 00187000 08:05 788726                     /usr/lib/x86_64-linux-gnu/libstdc++.so.6.0.28
7f4420bca000-7f4420bcb000 ---p 001d0000 08:05 788726                     /usr/lib/x86_64-linux-gnu/libstdc++.so.6.0.28
7f4420bcb000-7f4420bd6000 r--p 001d0000 08:05 788726                     /usr/lib/x86_64-linux-gnu/libstdc++.so.6.0.28
7f4420bd6000-7f4420bd9000 rw-p 001db000 08:05 788726                     /usr/lib/x86_64-linux-gnu/libstdc++.so.6.0.28
7f4420bd9000-7f4420bdc000 rw-p 00000000 00:00 0 
7f4420bdc000-7f4420dd1000 r--p 00000000 08:05 932684                     /usr/lib/jvm/java-8-openjdk-amd64/jre/lib/amd64/server/libjvm.so
7f4420dd1000-7f442173a000 r-xp 001f5000 08:05 932684                     /usr/lib/jvm/java-8-openjdk-amd64/jre/lib/amd64/server/libjvm.so
7f442173a000-7f44218ec000 r--p 00b5e000 08:05 932684                     /usr/lib/jvm/java-8-openjdk-amd64/jre/lib/amd64/server/libjvm.so
7f44218ec000-7f4421982000 r--p 00d0f000 08:05 932684                     /usr/lib/jvm/java-8-openjdk-amd64/jre/lib/amd64/server/libjvm.so
7f4421982000-7f44219ab000 rw-p 00da5000 08:05 932684                     /usr/lib/jvm/java-8-openjdk-amd64/jre/lib/amd64/server/libjvm.so
7f44219ab000-7f44219e0000 rw-p 00000000 00:00 0 
7f44219e0000-7f44219e7000 r--p 00000000 08:05 794477                     /usr/lib/x86_64-linux-gnu/libpthread-2.31.so
7f44219e7000-7f44219f8000 r-xp 00007000 08:05 794477                     /usr/lib/x86_64-linux-gnu/libpthread-2.31.so
7f44219f8000-7f44219fd000 r--p 00018000 08:05 794477                     /usr/lib/x86_64-linux-gnu/libpthread-2.31.so
7f44219fd000-7f44219fe000 r--p 0001c000 08:05 794477                     /usr/lib/x86_64-linux-gnu/libpthread-2.31.so
7f44219fe000-7f44219ff000 rw-p 0001d000 08:05 794477                     /usr/lib/x86_64-linux-gnu/libpthread-2.31.so
7f44219ff000-7f4421a03000 rw-p 00000000 00:00 0 
7f4421a03000-7f4421a04000 r--p 00000000 08:05 793705                     /usr/lib/x86_64-linux-gnu/libdl-2.31.so
7f4421a04000-7f4421a06000 r-xp 00001000 08:05 793705                     /usr/lib/x86_64-linux-gnu/libdl-2.31.so
7f4421a06000-7f4421a07000 r--p 00003000 08:05 793705                     /usr/lib/x86_64-linux-gnu/libdl-2.31.so
7f4421a07000-7f4421a08000 r--p 00003000 08:05 793705                     /usr/lib/x86_64-linux-gnu/libdl-2.31.so
7f4421a08000-7f4421a09000 rw-p 00004000 08:05 793705                     /usr/lib/x86_64-linux-gnu/libdl-2.31.so
7f4421a09000-7f4421a0b000 r--p 00000000 08:05 794902                     /usr/lib/x86_64-linux-gnu/libz.so.1.2.11
7f4421a0b000-7f4421a1c000 r-xp 00002000 08:05 794902                     /usr/lib/x86_64-linux-gnu/libz.so.1.2.11
7f4421a1c000-7f4421a22000 r--p 00013000 08:05 794902                     /usr/lib/x86_64-linux-gnu/libz.so.1.2.11
7f4421a22000-7f4421a23000 ---p 00019000 08:05 794902                     /usr/lib/x86_64-linux-gnu/libz.so.1.2.11
7f4421a23000-7f4421a24000 r--p 00019000 08:05 794902                     /usr/lib/x86_64-linux-gnu/libz.so.1.2.11
7f4421a24000-7f4421a25000 rw-p 0001a000 08:05 794902                     /usr/lib/x86_64-linux-gnu/libz.so.1.2.11
7f4421a25000-7f4421a4a000 r--p 00000000 08:05 793570                     /usr/lib/x86_64-linux-gnu/libc-2.31.so
7f4421a4a000-7f4421bc2000 r-xp 00025000 08:05 793570                     /usr/lib/x86_64-linux-gnu/libc-2.31.so
7f4421bc2000-7f4421c0c000 r--p 0019d000 08:05 793570                     /usr/lib/x86_64-linux-gnu/libc-2.31.so
7f4421c0c000-7f4421c0d000 ---p 001e7000 08:05 793570                     /usr/lib/x86_64-linux-gnu/libc-2.31.so
7f4421c0d000-7f4421c10000 r--p 001e7000 08:05 793570                     /usr/lib/x86_64-linux-gnu/libc-2.31.so
7f4421c10000-7f4421c13000 rw-p 001ea000 08:05 793570                     /usr/lib/x86_64-linux-gnu/libc-2.31.so
7f4421c13000-7f4421c17000 rw-p 00000000 00:00 0 
7f4421c1a000-7f4421c1b000 rw-p 00000000 00:00 0 
7f4421c1b000-7f4421c20000 r--p 00000000 08:05 932681                     /usr/lib/jvm/java-8-openjdk-amd64/jre/lib/amd64/libverify.so
7f4421c20000-7f4421c29000 r-xp 00005000 08:05 932681                     /usr/lib/jvm/java-8-openjdk-amd64/jre/lib/amd64/libverify.so
7f4421c29000-7f4421c2b000 r--p 0000e000 08:05 932681                     /usr/lib/jvm/java-8-openjdk-amd64/jre/lib/amd64/libverify.so
7f4421c2b000-7f4421c2d000 r--p 0000f000 08:05 932681                     /usr/lib/jvm/java-8-openjdk-amd64/jre/lib/amd64/libverify.so
7f4421c2d000-7f4421c2e000 rw-p 00011000 08:05 932681                     /usr/lib/jvm/java-8-openjdk-amd64/jre/lib/amd64/libverify.so
7f4421c2e000-7f4421c31000 r--p 00000000 08:05 932321                     /usr/lib/jvm/java-8-openjdk-amd64/jre/lib/amd64/jli/libjli.so
7f4421c31000-7f4421c3b000 r-xp 00003000 08:05 932321                     /usr/lib/jvm/java-8-openjdk-amd64/jre/lib/amd64/jli/libjli.so
7f4421c3b000-7f4421c3e000 r--p 0000d000 08:05 932321                     /usr/lib/jvm/java-8-openjdk-amd64/jre/lib/amd64/jli/libjli.so
7f4421c3e000-7f4421c3f000 r--p 0000f000 08:05 932321                     /usr/lib/jvm/java-8-openjdk-amd64/jre/lib/amd64/jli/libjli.so
7f4421c3f000-7f4421c40000 rw-p 00010000 08:05 932321                     /usr/lib/jvm/java-8-openjdk-amd64/jre/lib/amd64/jli/libjli.so
7f4421c40000-7f4421c42000 rw-p 00000000 00:00 0 
7f4421c42000-7f4421c43000 r--p 00000000 08:05 793354                     /usr/lib/x86_64-linux-gnu/ld-2.31.so
7f4421c43000-7f4421c66000 r-xp 00001000 08:05 793354                     /usr/lib/x86_64-linux-gnu/ld-2.31.so
7f4421c66000-7f4421c6e000 r--p 00024000 08:05 793354                     /usr/lib/x86_64-linux-gnu/ld-2.31.so
7f4421c6e000-7f4421c6f000 r--p 00000000 00:00 0 
7f4421c6f000-7f4421c70000 r--p 0002c000 08:05 793354                     /usr/lib/x86_64-linux-gnu/ld-2.31.so
7f4421c70000-7f4421c71000 rw-p 0002d000 08:05 793354                     /usr/lib/x86_64-linux-gnu/ld-2.31.so
7f4421c71000-7f4421c72000 rw-p 00000000 00:00 0 
7ffc96e2d000-7ffc96e4e000 rw-p 00000000 00:00 0                          [stack]
7ffc96f9f000-7ffc96fa3000 r--p 00000000 00:00 0                          [vvar]
7ffc96fa3000-7ffc96fa5000 r-xp 00000000 00:00 0                          [vdso]
ffffffffff600000-ffffffffff601000 --xp 00000000 00:00 0                  [vsyscall]

VM Arguments:
jvm_args: -Dscript.name=/usr/bin/groovy -Dprogram.name=groovy -Dgroovy.starter.conf=/usr/share/groovy/conf/groovy-starter.conf -Dgroovy.home=/usr/share/groovy -Dtools.jar=/usr/lib/jvm/java-8-openjdk-amd64/jre//lib/tools.jar 
java_command: org.codehaus.groovy.tools.GroovyStarter --main groovy.ui.GroovyMain --conf /usr/share/groovy/conf/groovy-starter.conf --classpath . -Dport=4466 server_move_shell_script.groovy
java_class_path (initial): /usr/share/groovy/lib/groovy-2.4.17.jar
Launcher Type: SUN_STANDARD

Environment Variables:
JAVA_HOME=/usr/lib/jvm/java-8-openjdk-amd64/jre/
PATH=/usr/bin:/bin
SHELL=/bin/sh

Signal Handlers:
SIGSEGV: [libjvm.so+0xb373b0], sa_mask[0]=11111111011111111101111111111110, sa_flags=SA_RESTART|SA_SIGINFO
SIGBUS: [libjvm.so+0xb373b0], sa_mask[0]=11111111011111111101111111111110, sa_flags=SA_RESTART|SA_SIGINFO
SIGFPE: [libjvm.so+0x97bff0], sa_mask[0]=11111111011111111101111111111110, sa_flags=SA_RESTART|SA_SIGINFO
SIGPIPE: [libjvm.so+0x97bff0], sa_mask[0]=11111111011111111101111111111110, sa_flags=SA_RESTART|SA_SIGINFO
SIGXFSZ: [libjvm.so+0x97bff0], sa_mask[0]=11111111011111111101111111111110, sa_flags=SA_RESTART|SA_SIGINFO
SIGILL: [libjvm.so+0x97bff0], sa_mask[0]=11111111011111111101111111111110, sa_flags=SA_RESTART|SA_SIGINFO
SIGUSR1: SIG_DFL, sa_mask[0]=00000000000000000000000000000000, sa_flags=none
SIGUSR2: [libjvm.so+0x97bea0], sa_mask[0]=00000000000000000000000000000000, sa_flags=SA_RESTART|SA_SIGINFO
SIGHUP: SIG_DFL, sa_mask[0]=00000000000000000000000000000000, sa_flags=none
SIGINT: SIG_DFL, sa_mask[0]=00000000000000000000000000000000, sa_flags=none
SIGTERM: SIG_DFL, sa_mask[0]=00000000000000000000000000000000, sa_flags=none
SIGQUIT: SIG_DFL, sa_mask[0]=00000000000000000000000000000000, sa_flags=none


---------------  S Y S T E M  ---------------

OS:DISTRIB_ID=Ubuntu
DISTRIB_RELEASE=20.04
DISTRIB_CODENAME=focal
DISTRIB_DESCRIPTION="Ubuntu 20.04.3 LTS"

uname:Linux 5.11.0-43-generic #47~20.04.2-Ubuntu SMP Mon Dec 13 11:06:56 UTC 2021 x86_64
libc:glibc 2.31 NPTL 2.31 
rlimit: STACK 8192k, CORE 0k, NPROC 14229, NOFILE 1048576, AS infinity
load average:594.98 589.51 581.54

/proc/meminfo:
MemTotal:        3708160 kB
MemFree:          108868 kB
MemAvailable:      54848 kB
Buffers:            1100 kB
Cached:            52696 kB
SwapCached:         7352 kB
Active:          2157960 kB
Inactive:         595864 kB
Active(anon):    2127764 kB
Inactive(anon):   573640 kB
Active(file):      30196 kB
Inactive(file):    22224 kB
Unevictable:         180 kB
Mlocked:              64 kB
SwapTotal:        904944 kB
SwapFree:             40 kB
Dirty:              9128 kB
Writeback:          1496 kB
AnonPages:       2696180 kB
Mapped:            26936 kB
Shmem:               284 kB
KReclaimable:      94372 kB
Slab:             468176 kB
SReclaimable:      94372 kB
SUnreclaim:       373804 kB
KernelStack:       75888 kB
PageTables:       162112 kB
NFS_Unstable:          0 kB
Bounce:                0 kB
WritebackTmp:          0 kB
CommitLimit:     2759024 kB
Committed_AS:   18749272 kB
VmallocTotal:   34359738367 kB
VmallocUsed:      101056 kB
VmallocChunk:          0 kB
Percpu:            15040 kB
HardwareCorrupted:     0 kB
AnonHugePages:         0 kB
ShmemHugePages:        0 kB
ShmemPmdMapped:        0 kB
FileHugePages:         0 kB
FilePmdMapped:         0 kB
HugePages_Total:       0
HugePages_Free:        0
HugePages_Rsvd:        0
HugePages_Surp:        0
Hugepagesize:       2048 kB
Hugetlb:               0 kB
DirectMap4k:      733788 kB
DirectMap2M:     3145728 kB
DirectMap1G:     1048576 kB

container (cgroup) information:
container_type: cgroupv1
cpu_cpuset_cpus: 0-11
cpu_memory_nodes: 0
active_processor_count: 12
cpu_quota: -1
cpu_period: 100000
cpu_shares: -1
memory_limit_in_bytes: -1
memory_and_swap_limit_in_bytes: -1
memory_soft_limit_in_bytes: -1
memory_usage_in_bytes: 3103895552
memory_max_usage_in_bytes: 3247370240


CPU:total 12 (initial active 12) (6 cores per cpu, 2 threads per core) family 6 model 166 stepping 0, cmov, cx8, fxsr, mmx, sse, sse2, sse3, ssse3, sse4.1, sse4.2, popcnt, avx, avx2, aes, clmul, erms, 3dnowpref, lzcnt, ht, tsc, tscinvbit, bmi1, bmi2, adx

/proc/cpuinfo:
processor	: 0
vendor_id	: GenuineIntel
cpu family	: 6
model		: 166
model name	: Intel(R) Core(TM) i7-10710U CPU @ 1.10GHz
stepping	: 0
microcode	: 0xe8
cpu MHz		: 1600.000
cache size	: 12288 KB
physical id	: 0
siblings	: 12
core id		: 0
cpu cores	: 6
apicid		: 0
initial apicid	: 0
fpu		: yes
fpu_exception	: yes
cpuid level	: 22
wp		: yes
flags		: fpu vme de pse tsc msr pae mce cx8 apic sep mtrr pge mca cmov pat pse36 clflush dts acpi mmx fxsr sse sse2 ss ht tm pbe syscall nx pdpe1gb rdtscp lm constant_tsc art arch_perfmon pebs bts rep_good nopl xtopology nonstop_tsc cpuid aperfmperf pni pclmulqdq dtes64 monitor ds_cpl vmx est tm2 ssse3 sdbg fma cx16 xtpr pdcm pcid sse4_1 sse4_2 x2apic movbe popcnt tsc_deadline_timer aes xsave avx f16c rdrand lahf_lm abm 3dnowprefetch cpuid_fault epb invpcid_single ssbd ibrs ibpb stibp ibrs_enhanced tpr_shadow vnmi flexpriority ept vpid ept_ad fsgsbase tsc_adjust bmi1 avx2 smep bmi2 erms invpcid mpx rdseed adx smap clflushopt intel_pt xsaveopt xsavec xgetbv1 xsaves dtherm ida arat pln pts hwp hwp_notify hwp_act_window hwp_epp md_clear flush_l1d arch_capabilities
vmx flags	: vnmi preemption_timer invvpid ept_x_only ept_ad ept_1gb flexpriority tsc_offset vtpr mtf vapic ept vpid unrestricted_guest ple pml ept_mode_based_exec
bugs		: spectre_v1 spectre_v2 spec_store_bypass swapgs itlb_multihit
bogomips	: 3199.92
clflush size	: 64
cache_alignment	: 64
address sizes	: 39 bits physical, 48 bits virtual
power management:

processor	: 1
vendor_id	: GenuineIntel
cpu family	: 6
model		: 166
model name	: Intel(R) Core(TM) i7-10710U CPU @ 1.10GHz
stepping	: 0
microcode	: 0xe8
cpu MHz		: 1600.000
cache size	: 12288 KB
physical id	: 0
siblings	: 12
core id		: 1
cpu cores	: 6
apicid		: 2
initial apicid	: 2
fpu		: yes
fpu_exception	: yes
cpuid level	: 22
wp		: yes
flags		: fpu vme de pse tsc msr pae mce cx8 apic sep mtrr pge mca cmov pat pse36 clflush dts acpi mmx fxsr sse sse2 ss ht tm pbe syscall nx pdpe1gb rdtscp lm constant_tsc art arch_perfmon pebs bts rep_good nopl xtopology nonstop_tsc cpuid aperfmperf pni pclmulqdq dtes64 monitor ds_cpl vmx est tm2 ssse3 sdbg fma cx16 xtpr pdcm pcid sse4_1 sse4_2 x2apic movbe popcnt tsc_deadline_timer aes xsave avx f16c rdrand lahf_lm abm 3dnowprefetch cpuid_fault epb invpcid_single ssbd ibrs ibpb stibp ibrs_enhanced tpr_shadow vnmi flexpriority ept vpid ept_ad fsgsbase tsc_adjust bmi1 avx2 smep bmi2 erms invpcid mpx rdseed adx smap clflushopt intel_pt xsaveopt xsavec xgetbv1 xsaves dtherm ida arat pln pts hwp hwp_notify hwp_act_window hwp_epp md_clear flush_l1d arch_capabilities
vmx flags	: vnmi preemption_timer invvpid ept_x_only ept_ad ept_1gb flexpriority tsc_offset vtpr mtf vapic ept vpid unrestricted_guest ple pml ept_mode_based_exec
bugs		: spectre_v1 spectre_v2 spec_store_bypass swapgs itlb_multihit
bogomips	: 3199.92
clflush size	: 64
cache_alignment	: 64
address sizes	: 39 bits physical, 48 bits virtual
power management:

processor	: 2
vendor_id	: GenuineIntel
cpu family	: 6
model		: 166
model name	: Intel(R) Core(TM) i7-10710U CPU @ 1.10GHz
stepping	: 0
microcode	: 0xe8
cpu MHz		: 3377.500
cache size	: 12288 KB
physical id	: 0
siblings	: 12
core id		: 2
cpu cores	: 6
apicid		: 4
initial apicid	: 4
fpu		: yes
fpu_exception	: yes
cpuid level	: 22
wp		: yes
flags		: fpu vme de pse tsc msr pae mce cx8 apic sep mtrr pge mca cmov pat pse36 clflush dts acpi mmx fxsr sse sse2 ss ht tm pbe syscall nx pdpe1gb rdtscp lm constant_tsc art arch_perfmon pebs bts rep_good nopl xtopology nonstop_tsc cpuid aperfmperf pni pclmulqdq dtes64 monitor ds_cpl vmx est tm2 ssse3 sdbg fma cx16 xtpr pdcm pcid sse4_1 sse4_2 x2apic movbe popcnt tsc_deadline_timer aes xsave avx f16c rdrand lahf_lm abm 3dnowprefetch cpuid_fault epb invpcid_single ssbd ibrs ibpb stibp ibrs_enhanced tpr_shadow vnmi flexpriority ept vpid ept_ad fsgsbase tsc_adjust bmi1 avx2 smep bmi2 erms invpcid mpx rdseed adx smap clflushopt intel_pt xsaveopt xsavec xgetbv1 xsaves dtherm ida arat pln pts hwp hwp_notify hwp_act_window hwp_epp md_clear flush_l1d arch_capabilities
vmx flags	: vnmi preemption_timer invvpid ept_x_only ept_ad ept_1gb flexpriority tsc_offset vtpr mtf vapic ept vpid unrestricted_guest ple pml ept_mode_based_exec
bugs		: spectre_v1 spectre_v2 spec_store_bypass swapgs itlb_multihit
bogomips	: 3199.92
clflush size	: 64
cache_alignment	: 64
address sizes	: 39 bits physical, 48 bits virtual
power management:

processor	: 3
vendor_id	: GenuineIntel
cpu family	: 6
model		: 166
model name	: Intel(R) Core(TM) i7-10710U CPU @ 1.10GHz
stepping	: 0
microcode	: 0xe8
cpu MHz		: 3390.996
cache size	: 12288 KB
physical id	: 0
siblings	: 12
core id		: 3
cpu cores	: 6
apicid		: 6
initial apicid	: 6
fpu		: yes
fpu_exception	: yes
cpuid level	: 22
wp		: yes
flags		: fpu vme de pse tsc msr pae mce cx8 apic sep mtrr pge mca cmov pat pse36 clflush dts acpi mmx fxsr sse sse2 ss ht tm pbe syscall nx pdpe1gb rdtscp lm constant_tsc art arch_perfmon pebs bts rep_good nopl xtopology nonstop_tsc cpuid aperfmperf pni pclmulqdq dtes64 monitor ds_cpl vmx est tm2 ssse3 sdbg fma cx16 xtpr pdcm pcid sse4_1 sse4_2 x2apic movbe popcnt tsc_deadline_timer aes xsave avx f16c rdrand lahf_lm abm 3dnowprefetch cpuid_fault epb invpcid_single ssbd ibrs ibpb stibp ibrs_enhanced tpr_shadow vnmi flexpriority ept vpid ept_ad fsgsbase tsc_adjust bmi1 avx2 smep bmi2 erms invpcid mpx rdseed adx smap clflushopt intel_pt xsaveopt xsavec xgetbv1 xsaves dtherm ida arat pln pts hwp hwp_notify hwp_act_window hwp_epp md_clear flush_l1d arch_capabilities
vmx flags	: vnmi preemption_timer invvpid ept_x_only ept_ad ept_1gb flexpriority tsc_offset vtpr mtf vapic ept vpid unrestricted_guest ple pml ept_mode_based_exec
bugs		: spectre_v1 spectre_v2 spec_store_bypass swapgs itlb_multihit
bogomips	: 3199.92
clflush size	: 64
cache_alignment	: 64
address sizes	: 39 bits physical, 48 bits virtual
power management:

processor	: 4
vendor_id	: GenuineIntel
cpu family	: 6
model		: 166
model name	: Intel(R) Core(TM) i7-10710U CPU @ 1.10GHz
stepping	: 0
microcode	: 0xe8
cpu MHz		: 3358.675
cache size	: 12288 KB
physical id	: 0
siblings	: 12
core id		: 4
cpu cores	: 6
apicid		: 8
initial apicid	: 8
fpu		: yes
fpu_exception	: yes
cpuid level	: 22
wp		: yes
flags		: fpu vme de pse tsc msr pae mce cx8 apic sep mtrr pge mca cmov pat pse36 clflush dts acpi mmx fxsr sse sse2 ss ht tm pbe syscall nx pdpe1gb rdtscp lm constant_tsc art arch_perfmon pebs bts rep_good nopl xtopology nonstop_tsc cpuid aperfmperf pni pclmulqdq dtes64 monitor ds_cpl vmx est tm2 ssse3 sdbg fma cx16 xtpr pdcm pcid sse4_1 sse4_2 x2apic movbe popcnt tsc_deadline_timer aes xsave avx f16c rdrand lahf_lm abm 3dnowprefetch cpuid_fault epb invpcid_single ssbd ibrs ibpb stibp ibrs_enhanced tpr_shadow vnmi flexpriority ept vpid ept_ad fsgsbase tsc_adjust bmi1 avx2 smep bmi2 erms invpcid mpx rdseed adx smap clflushopt intel_pt xsaveopt xsavec xgetbv1 xsaves dtherm ida arat pln pts hwp hwp_notify hwp_act_window hwp_epp md_clear flush_l1d arch_capabilities
vmx flags	: vnmi preemption_timer invvpid ept_x_only ept_ad ept_1gb flexpriority tsc_offset vtpr mtf vapic ept vpid unrestricted_guest ple pml ept_mode_based_exec
bugs		: spectre_v1 spectre_v2 spec_store_bypass swapgs itlb_multihit
bogomips	: 3199.92
clflush size	: 64
cache_alignment	: 64
address sizes	: 39 bits physical, 48 bits virtual
power management:

processor	: 5
vendor_id	: GenuineIntel
cpu family	: 6
model		: 166
model name	: Intel(R) Core(TM) i7-10710U CPU @ 1.10GHz
stepping	: 0
microcode	: 0xe8
cpu MHz		: 3399.352
cache size	: 12288 KB
physical id	: 0
siblings	: 12
core id		: 5
cpu cores	: 6
apicid		: 10
initial apicid	: 10
fpu		: yes
fpu_exception	: yes
cpuid level	: 22
wp		: yes
flags		: fpu vme de pse tsc msr pae mce cx8 apic sep mtrr pge mca cmov pat pse36 clflush dts acpi mmx fxsr sse sse2 ss ht tm pbe syscall nx pdpe1gb rdtscp lm constant_tsc art arch_perfmon pebs bts rep_good nopl xtopology nonstop_tsc cpuid aperfmperf pni pclmulqdq dtes64 monitor ds_cpl vmx est tm2 ssse3 sdbg fma cx16 xtpr pdcm pcid sse4_1 sse4_2 x2apic movbe popcnt tsc_deadline_timer aes xsave avx f16c rdrand lahf_lm abm 3dnowprefetch cpuid_fault epb invpcid_single ssbd ibrs ibpb stibp ibrs_enhanced tpr_shadow vnmi flexpriority ept vpid ept_ad fsgsbase tsc_adjust bmi1 avx2 smep bmi2 erms invpcid mpx rdseed adx smap clflushopt intel_pt xsaveopt xsavec xgetbv1 xsaves dtherm ida arat pln pts hwp hwp_notify hwp_act_window hwp_epp md_clear flush_l1d arch_capabilities
vmx flags	: vnmi preemption_timer invvpid ept_x_only ept_ad ept_1gb flexpriority tsc_offset vtpr mtf vapic ept vpid unrestricted_guest ple pml ept_mode_based_exec
bugs		: spectre_v1 spectre_v2 spec_store_bypass swapgs itlb_multihit
bogomips	: 3199.92
clflush size	: 64
cache_alignment	: 64
address sizes	: 39 bits physical, 48 bits virtual
power management:

processor	: 6
vendor_id	: GenuineIntel
cpu family	: 6
model		: 166
model name	: Intel(R) Core(TM) i7-10710U CPU @ 1.10GHz
stepping	: 0
microcode	: 0xe8
cpu MHz		: 1600.000
cache size	: 12288 KB
physical id	: 0
siblings	: 12
core id		: 0
cpu cores	: 6
apicid		: 1
initial apicid	: 1
fpu		: yes
fpu_exception	: yes
cpuid level	: 22
wp		: yes
flags		: fpu vme de pse tsc msr pae mce cx8 apic sep mtrr pge mca cmov pat pse36 clflush dts acpi mmx fxsr sse sse2 ss ht tm pbe syscall nx pdpe1gb rdtscp lm constant_tsc art arch_perfmon pebs bts rep_good nopl xtopology nonstop_tsc cpuid aperfmperf pni pclmulqdq dtes64 monitor ds_cpl vmx est tm2 ssse3 sdbg fma cx16 xtpr pdcm pcid sse4_1 sse4_2 x2apic movbe popcnt tsc_deadline_timer aes xsave avx f16c rdrand lahf_lm abm 3dnowprefetch cpuid_fault epb invpcid_single ssbd ibrs ibpb stibp ibrs_enhanced tpr_shadow vnmi flexpriority ept vpid ept_ad fsgsbase tsc_adjust bmi1 avx2 smep bmi2 erms invpcid mpx rdseed adx smap clflushopt intel_pt xsaveopt xsavec xgetbv1 xsaves dtherm ida arat pln pts hwp hwp_notify hwp_act_window hwp_epp md_clear flush_l1d arch_capabilities
vmx flags	: vnmi preemption_timer invvpid ept_x_only ept_ad ept_1gb flexpriority tsc_offset vtpr mtf vapic ept vpid unrestricted_guest ple pml ept_mode_based_exec
bugs		: spectre_v1 spectre_v2 spec_store_bypass swapgs itlb_multihit
bogomips	: 3199.92
clflush size	: 64
cache_alignment	: 64
address sizes	: 39 bits physical, 48 bits virtual
power management:

processor	: 7
vendor_id	: GenuineIntel
cpu family	: 6
model		: 166
model name	: Intel(R) Core(TM) i7-10710U CPU @ 1.10GHz
stepping	: 0
microcode	: 0xe8
cpu MHz		: 1600.000
cache size	: 12288 KB
physical id	: 0
siblings	: 12
core id		: 1
cpu cores	: 6
apicid		: 3
initial apicid	: 3
fpu		: yes
fpu_exception	: yes
cpuid level	: 22
wp		: yes
flags		: fpu vme de pse tsc msr pae mce cx8 apic sep mtrr pge mca cmov pat pse36 clflush dts acpi mmx fxsr sse sse2 ss ht tm pbe syscall nx pdpe1gb rdtscp lm constant_tsc art arch_perfmon pebs bts rep_good nopl xtopology nonstop_tsc cpuid aperfmperf pni pclmulqdq dtes64 monitor ds_cpl vmx est tm2 ssse3 sdbg fma cx16 xtpr pdcm pcid sse4_1 sse4_2 x2apic movbe popcnt tsc_deadline_timer aes xsave avx f16c rdrand lahf_lm abm 3dnowprefetch cpuid_fault epb invpcid_single ssbd ibrs ibpb stibp ibrs_enhanced tpr_shadow vnmi flexpriority ept vpid ept_ad fsgsbase tsc_adjust bmi1 avx2 smep bmi2 erms invpcid mpx rdseed adx smap clflushopt intel_pt xsaveopt xsavec xgetbv1 xsaves dtherm ida arat pln pts hwp hwp_notify hwp_act_window hwp_epp md_clear flush_l1d arch_capabilities
vmx flags	: vnmi preemption_timer invvpid ept_x_only ept_ad ept_1gb flexpriority tsc_offset vtpr mtf vapic ept vpid unrestricted_guest ple pml ept_mode_based_exec
bugs		: spectre_v1 spectre_v2 spec_store_bypass swapgs itlb_multihit
bogomips	: 3199.92
clflush size	: 64
cache_alignment	: 64
address sizes	: 39 bits physical, 48 bits virtual
power management:

processor	: 8
vendor_id	: GenuineIntel
cpu family	: 6
model		: 166
model name	: Intel(R) Core(TM) i7-10710U CPU @ 1.10GHz
stepping	: 0
microcode	: 0xe8
cpu MHz		: 3378.547
cache size	: 12288 KB
physical id	: 0
siblings	: 12
core id		: 2
cpu cores	: 6
apicid		: 5
initial apicid	: 5
fpu		: yes
fpu_exception	: yes
cpuid level	: 22
wp		: yes
flags		: fpu vme de pse tsc msr pae mce cx8 apic sep mtrr pge mca cmov pat pse36 clflush dts acpi mmx fxsr sse sse2 ss ht tm pbe syscall nx pdpe1gb rdtscp lm constant_tsc art arch_perfmon pebs bts rep_good nopl xtopology nonstop_tsc cpuid aperfmperf pni pclmulqdq dtes64 monitor ds_cpl vmx est tm2 ssse3 sdbg fma cx16 xtpr pdcm pcid sse4_1 sse4_2 x2apic movbe popcnt tsc_deadline_timer aes xsave avx f16c rdrand lahf_lm abm 3dnowprefetch cpuid_fault epb invpcid_single ssbd ibrs ibpb stibp ibrs_enhanced tpr_shadow vnmi flexpriority ept vpid ept_ad fsgsbase tsc_adjust bmi1 avx2 smep bmi2 erms invpcid mpx rdseed adx smap clflushopt intel_pt xsaveopt xsavec xgetbv1 xsaves dtherm ida arat pln pts hwp hwp_notify hwp_act_window hwp_epp md_clear flush_l1d arch_capabilities
vmx flags	: vnmi preemption_timer invvpid ept_x_only ept_ad ept_1gb flexpriority tsc_offset vtpr mtf vapic ept vpid unrestricted_guest ple pml ept_mode_based_exec
bugs		: spectre_v1 spectre_v2 spec_store_bypass swapgs itlb_multihit
bogomips	: 3199.92
clflush size	: 64
cache_alignment	: 64
address sizes	: 39 bits physical, 48 bits virtual
power management:

processor	: 9
vendor_id	: GenuineIntel
cpu family	: 6
model		: 166
model name	: Intel(R) Core(TM) i7-10710U CPU @ 1.10GHz
stepping	: 0
microcode	: 0xe8
cpu MHz		: 3395.600
cache size	: 12288 KB
physical id	: 0
siblings	: 12
core id		: 3
cpu cores	: 6
apicid		: 7
initial apicid	: 7
fpu		: yes
fpu_exception	: yes
cpuid level	: 22
wp		: yes
flags		: fpu vme de pse tsc msr pae mce cx8 apic sep mtrr pge mca cmov pat pse36 clflush dts acpi mmx fxsr sse sse2 ss ht tm pbe syscall nx pdpe1gb rdtscp lm constant_tsc art arch_perfmon pebs bts rep_good nopl xtopology nonstop_tsc cpuid aperfmperf pni pclmulqdq dtes64 monitor ds_cpl vmx est tm2 ssse3 sdbg fma cx16 xtpr pdcm pcid sse4_1 sse4_2 x2apic movbe popcnt tsc_deadline_timer aes xsave avx f16c rdrand lahf_lm abm 3dnowprefetch cpuid_fault epb invpcid_single ssbd ibrs ibpb stibp ibrs_enhanced tpr_shadow vnmi flexpriority ept vpid ept_ad fsgsbase tsc_adjust bmi1 avx2 smep bmi2 erms invpcid mpx rdseed adx smap clflushopt intel_pt xsaveopt xsavec xgetbv1 xsaves dtherm ida arat pln pts hwp hwp_notify hwp_act_window hwp_epp md_clear flush_l1d arch_capabilities
vmx flags	: vnmi preemption_timer invvpid ept_x_only ept_ad ept_1gb flexpriority tsc_offset vtpr mtf vapic ept vpid unrestricted_guest ple pml ept_mode_based_exec
bugs		: spectre_v1 spectre_v2 spec_store_bypass swapgs itlb_multihit
bogomips	: 3199.92
clflush size	: 64
cache_alignment	: 64
address sizes	: 39 bits physical, 48 bits virtual
power management:

processor	: 10
vendor_id	: GenuineIntel
cpu family	: 6
model		: 166
model name	: Intel(R) Core(TM) i7-10710U CPU @ 1.10GHz
stepping	: 0
microcode	: 0xe8
cpu MHz		: 1600.000
cache size	: 12288 KB
physical id	: 0
siblings	: 12
core id		: 4
cpu cores	: 6
apicid		: 9
initial apicid	: 9
fpu		: yes
fpu_exception	: yes
cpuid level	: 22
wp		: yes
flags		: fpu vme de pse tsc msr pae mce cx8 apic sep mtrr pge mca cmov pat pse36 clflush dts acpi mmx fxsr sse sse2 ss ht tm pbe syscall nx pdpe1gb rdtscp lm constant_tsc art arch_perfmon pebs bts rep_good nopl xtopology nonstop_tsc cpuid aperfmperf pni pclmulqdq dtes64 monitor ds_cpl vmx est tm2 ssse3 sdbg fma cx16 xtpr pdcm pcid sse4_1 sse4_2 x2apic movbe popcnt tsc_deadline_timer aes xsave avx f16c rdrand lahf_lm abm 3dnowprefetch cpuid_fault epb invpcid_single ssbd ibrs ibpb stibp ibrs_enhanced tpr_shadow vnmi flexpriority ept vpid ept_ad fsgsbase tsc_adjust bmi1 avx2 smep bmi2 erms invpcid mpx rdseed adx smap clflushopt intel_pt xsaveopt xsavec xgetbv1 xsaves dtherm ida arat pln pts hwp hwp_notify hwp_act_window hwp_epp md_clear flush_l1d arch_capabilities
vmx flags	: vnmi preemption_timer invvpid ept_x_only ept_ad ept_1gb flexpriority tsc_offset vtpr mtf vapic ept vpid unrestricted_guest ple pml ept_mode_based_exec
bugs		: spectre_v1 spectre_v2 spec_store_bypass swapgs itlb_multihit
bogomips	: 3199.92
clflush size	: 64
cache_alignment	: 64
address sizes	: 39 bits physical, 48 bits virtual
power management:

processor	: 11
vendor_id	: GenuineIntel
cpu family	: 6
model		: 166
model name	: Intel(R) Core(TM) i7-10710U CPU @ 1.10GHz
stepping	: 0
microcode	: 0xe8
cpu MHz		: 3362.356
cache size	: 12288 KB
physical id	: 0
siblings	: 12
core id		: 5
cpu cores	: 6
apicid		: 11
initial apicid	: 11
fpu		: yes
fpu_exception	: yes
cpuid level	: 22
wp		: yes
flags		: fpu vme de pse tsc msr pae mce cx8 apic sep mtrr pge mca cmov pat pse36 clflush dts acpi mmx fxsr sse sse2 ss ht tm pbe syscall nx pdpe1gb rdtscp lm constant_tsc art arch_perfmon pebs bts rep_good nopl xtopology nonstop_tsc cpuid aperfmperf pni pclmulqdq dtes64 monitor ds_cpl vmx est tm2 ssse3 sdbg fma cx16 xtpr pdcm pcid sse4_1 sse4_2 x2apic movbe popcnt tsc_deadline_timer aes xsave avx f16c rdrand lahf_lm abm 3dnowprefetch cpuid_fault epb invpcid_single ssbd ibrs ibpb stibp ibrs_enhanced tpr_shadow vnmi flexpriority ept vpid ept_ad fsgsbase tsc_adjust bmi1 avx2 smep bmi2 erms invpcid mpx rdseed adx smap clflushopt intel_pt xsaveopt xsavec xgetbv1 xsaves dtherm ida arat pln pts hwp hwp_notify hwp_act_window hwp_epp md_clear flush_l1d arch_capabilities
vmx flags	: vnmi preemption_timer invvpid ept_x_only ept_ad ept_1gb flexpriority tsc_offset vtpr mtf vapic ept vpid unrestricted_guest ple pml ept_mode_based_exec
bugs		: spectre_v1 spectre_v2 spec_store_bypass swapgs itlb_multihit
bogomips	: 3199.92
clflush size	: 64
cache_alignment	: 64
address sizes	: 39 bits physical, 48 bits virtual
power management:



Memory: 4k page, physical 3708160k(108868k free), swap 904944k(40k free)

vm_info: OpenJDK 64-Bit Server VM (25.312-b07) for linux-amd64 JRE (1.8.0_312-8u312-b07-0ubuntu1~20.04-b07), built on Nov  3 2021 13:54:59 by "buildd" with gcc 9.3.0

time: Sat Dec 25 11:40:39 2021
timezone: PST
elapsed time: 4.226579 seconds (0d 0h 0m 4s)

