#
# There is insufficient memory for the Java Runtime Environment to continue.
# Cannot create GC thread. Out of system resources.
# Possible reasons:
#   The system is out of physical RAM or swap space
#   The process is running with CompressedOops enabled, and the Java Heap may be blocking the growth of the native heap
# Possible solutions:
#   Reduce memory load on the system
#   Increase physical memory or swap space
#   Check if swap backing store is full
#   Decrease Java heap size (-Xmx/-Xms)
#   Decrease number of Java threads
#   Decrease Java thread stack sizes (-Xss)
#   Set larger code cache with -XX:ReservedCodeCacheSize=
# This output file may be truncated or incomplete.
#
#  Out of Memory Error (gcTaskThread.cpp:48), pid=443567, tid=0x00007fd7d707e700
#
# JRE version:  (8.0_312-b07) (build )
# Java VM: OpenJDK 64-Bit Server VM (25.312-b07 mixed mode linux-amd64 compressed oops)
# Failed to write core dump. Core dumps have been disabled. To enable core dumping, try "ulimit -c unlimited" before starting Java again
#

---------------  T H R E A D  ---------------

Current thread (0x00007fd7d000b000):  JavaThread "Unknown thread" [_thread_in_vm, id=444745, stack(0x00007fd7d6f7f000,0x00007fd7d707f000)]

Stack: [0x00007fd7d6f7f000,0x00007fd7d707f000],  sp=0x00007fd7d707d770,  free space=1017k
Native frames: (J=compiled Java code, j=interpreted, Vv=VM code, C=native code)
V  [libjvm.so+0xb369ea]
V  [libjvm.so+0x4ec541]
V  [libjvm.so+0x5c84cf]
V  [libjvm.so+0x5c7bff]
V  [libjvm.so+0x9a68ca]
V  [libjvm.so+0xaf912a]
V  [libjvm.so+0xaf93b9]
V  [libjvm.so+0x6417b4]
V  [libjvm.so+0xad8e00]
V  [libjvm.so+0x7283a3]  JNI_CreateJavaVM+0x63
C  [libjli.so+0x442a]
C  [libjli.so+0x8dc1]
C  [libpthread.so.0+0x9609]  start_thread+0xd9


---------------  P R O C E S S  ---------------

Java Threads: ( => current thread )

Other Threads:

=>0x00007fd7d000b000 (exited) JavaThread "Unknown thread" [_thread_in_vm, id=444745, stack(0x00007fd7d6f7f000,0x00007fd7d707f000)]

VM state:not at safepoint (not fully initialized)

VM Mutex/Monitor currently owned by a thread: None

heap address: 0x00000000c7600000, size: 906 MB, Compressed Oops mode: Non-zero based:0x00000000c75ff000
Narrow klass base: 0x0000000000000000, Narrow klass shift: 0

GC Heap History (0 events):
No events

Deoptimization events (0 events):
No events

Classes redefined (0 events):
No events

Internal exceptions (0 events):
No events

Events (0 events):
No events


Dynamic libraries:
c7600000-c9d00000 rw-p 00000000 00:00 0 
c9d00000-ed200000 ---p 00000000 00:00 0 
ed200000-ee500000 rw-p 00000000 00:00 0 
ee500000-100000000 ---p 00000000 00:00 0 
55aaa0acb000-55aaa0acc000 r--p 00000000 08:05 932168                     /usr/lib/jvm/java-8-openjdk-amd64/jre/bin/java
55aaa0acc000-55aaa0acd000 r-xp 00001000 08:05 932168                     /usr/lib/jvm/java-8-openjdk-amd64/jre/bin/java
55aaa0acd000-55aaa0ace000 r--p 00002000 08:05 932168                     /usr/lib/jvm/java-8-openjdk-amd64/jre/bin/java
55aaa0ace000-55aaa0acf000 r--p 00002000 08:05 932168                     /usr/lib/jvm/java-8-openjdk-amd64/jre/bin/java
55aaa0acf000-55aaa0ad0000 rw-p 00003000 08:05 932168                     /usr/lib/jvm/java-8-openjdk-amd64/jre/bin/java
55aaa1c6e000-55aaa1c8f000 rw-p 00000000 00:00 0                          [heap]
7fd7c1000000-7fd7c1270000 rwxp 00000000 00:00 0 
7fd7c1270000-7fd7d0000000 ---p 00000000 00:00 0 
7fd7d0000000-7fd7d0039000 rw-p 00000000 00:00 0 
7fd7d0039000-7fd7d4000000 ---p 00000000 00:00 0 
7fd7d6663000-7fd7d6664000 ---p 00000000 00:00 0 
7fd7d6664000-7fd7d6764000 rw-p 00000000 00:00 0 
7fd7d6764000-7fd7d6765000 ---p 00000000 00:00 0 
7fd7d6765000-7fd7d6879000 rw-p 00000000 00:00 0 
7fd7d6879000-7fd7d6993000 ---p 00000000 00:00 0 
7fd7d6993000-7fd7d69a7000 rw-p 00000000 00:00 0 
7fd7d69a7000-7fd7d6ac1000 ---p 00000000 00:00 0 
7fd7d6ac1000-7fd7d6acb000 rw-p 00000000 00:00 0 
7fd7d6acb000-7fd7d6b58000 ---p 00000000 00:00 0 
7fd7d6b58000-7fd7d6b63000 rw-p 00000000 00:00 0 
7fd7d6b63000-7fd7d6f19000 ---p 00000000 00:00 0 
7fd7d6f19000-7fd7d6f1c000 r--p 00000000 08:05 794336                     /usr/lib/x86_64-linux-gnu/libnss_files-2.31.so
7fd7d6f1c000-7fd7d6f23000 r-xp 00003000 08:05 794336                     /usr/lib/x86_64-linux-gnu/libnss_files-2.31.so
7fd7d6f23000-7fd7d6f25000 r--p 0000a000 08:05 794336                     /usr/lib/x86_64-linux-gnu/libnss_files-2.31.so
7fd7d6f25000-7fd7d6f26000 r--p 0000b000 08:05 794336                     /usr/lib/x86_64-linux-gnu/libnss_files-2.31.so
7fd7d6f26000-7fd7d6f27000 rw-p 0000c000 08:05 794336                     /usr/lib/x86_64-linux-gnu/libnss_files-2.31.so
7fd7d6f27000-7fd7d6f2d000 rw-p 00000000 00:00 0 
7fd7d6f30000-7fd7d6f33000 r--p 00000000 08:05 932682                     /usr/lib/jvm/java-8-openjdk-amd64/jre/lib/amd64/libzip.so
7fd7d6f33000-7fd7d6f38000 r-xp 00003000 08:05 932682                     /usr/lib/jvm/java-8-openjdk-amd64/jre/lib/amd64/libzip.so
7fd7d6f38000-7fd7d6f3a000 r--p 00008000 08:05 932682                     /usr/lib/jvm/java-8-openjdk-amd64/jre/lib/amd64/libzip.so
7fd7d6f3a000-7fd7d6f3b000 r--p 00009000 08:05 932682                     /usr/lib/jvm/java-8-openjdk-amd64/jre/lib/amd64/libzip.so
7fd7d6f3b000-7fd7d6f3c000 rw-p 0000a000 08:05 932682                     /usr/lib/jvm/java-8-openjdk-amd64/jre/lib/amd64/libzip.so
7fd7d6f3c000-7fd7d6f44000 rw-s 00000000 08:05 537164                     /tmp/hsperfdata_sarnobat/443567
7fd7d6f44000-7fd7d6f51000 r--p 00000000 08:05 932663                     /usr/lib/jvm/java-8-openjdk-amd64/jre/lib/amd64/libjava.so
7fd7d6f51000-7fd7d6f69000 r-xp 0000d000 08:05 932663                     /usr/lib/jvm/java-8-openjdk-amd64/jre/lib/amd64/libjava.so
7fd7d6f69000-7fd7d6f70000 r--p 00025000 08:05 932663                     /usr/lib/jvm/java-8-openjdk-amd64/jre/lib/amd64/libjava.so
7fd7d6f70000-7fd7d6f71000 r--p 0002b000 08:05 932663                     /usr/lib/jvm/java-8-openjdk-amd64/jre/lib/amd64/libjava.so
7fd7d6f71000-7fd7d6f73000 rw-p 0002c000 08:05 932663                     /usr/lib/jvm/java-8-openjdk-amd64/jre/lib/amd64/libjava.so
7fd7d6f73000-7fd7d6f76000 r--p 00000000 08:05 794538                     /usr/lib/x86_64-linux-gnu/librt-2.31.so
7fd7d6f76000-7fd7d6f7a000 r-xp 00003000 08:05 794538                     /usr/lib/x86_64-linux-gnu/librt-2.31.so
7fd7d6f7a000-7fd7d6f7b000 r--p 00007000 08:05 794538                     /usr/lib/x86_64-linux-gnu/librt-2.31.so
7fd7d6f7b000-7fd7d6f7c000 ---p 00008000 08:05 794538                     /usr/lib/x86_64-linux-gnu/librt-2.31.so
7fd7d6f7c000-7fd7d6f7d000 r--p 00008000 08:05 794538                     /usr/lib/x86_64-linux-gnu/librt-2.31.so
7fd7d6f7d000-7fd7d6f7e000 rw-p 00009000 08:05 794538                     /usr/lib/x86_64-linux-gnu/librt-2.31.so
7fd7d6f7e000-7fd7d6f7f000 ---p 00000000 00:00 0 
7fd7d6f7f000-7fd7d6f82000 ---p 00000000 00:00 0 
7fd7d6f82000-7fd7d707f000 rw-p 00000000 00:00 0 
7fd7d707f000-7fd7d7082000 r--p 00000000 08:05 788738                     /usr/lib/x86_64-linux-gnu/libgcc_s.so.1
7fd7d7082000-7fd7d7094000 r-xp 00003000 08:05 788738                     /usr/lib/x86_64-linux-gnu/libgcc_s.so.1
7fd7d7094000-7fd7d7098000 r--p 00015000 08:05 788738                     /usr/lib/x86_64-linux-gnu/libgcc_s.so.1
7fd7d7098000-7fd7d7099000 r--p 00018000 08:05 788738                     /usr/lib/x86_64-linux-gnu/libgcc_s.so.1
7fd7d7099000-7fd7d709a000 rw-p 00019000 08:05 788738                     /usr/lib/x86_64-linux-gnu/libgcc_s.so.1
7fd7d709a000-7fd7d70a9000 r--p 00000000 08:05 794212                     /usr/lib/x86_64-linux-gnu/libm-2.31.so
7fd7d70a9000-7fd7d7150000 r-xp 0000f000 08:05 794212                     /usr/lib/x86_64-linux-gnu/libm-2.31.so
7fd7d7150000-7fd7d71e7000 r--p 000b6000 08:05 794212                     /usr/lib/x86_64-linux-gnu/libm-2.31.so
7fd7d71e7000-7fd7d71e8000 r--p 0014c000 08:05 794212                     /usr/lib/x86_64-linux-gnu/libm-2.31.so
7fd7d71e8000-7fd7d71e9000 rw-p 0014d000 08:05 794212                     /usr/lib/x86_64-linux-gnu/libm-2.31.so
7fd7d71e9000-7fd7d727f000 r--p 00000000 08:05 788726                     /usr/lib/x86_64-linux-gnu/libstdc++.so.6.0.28
7fd7d727f000-7fd7d7370000 r-xp 00096000 08:05 788726                     /usr/lib/x86_64-linux-gnu/libstdc++.so.6.0.28
7fd7d7370000-7fd7d73b9000 r--p 00187000 08:05 788726                     /usr/lib/x86_64-linux-gnu/libstdc++.so.6.0.28
7fd7d73b9000-7fd7d73ba000 ---p 001d0000 08:05 788726                     /usr/lib/x86_64-linux-gnu/libstdc++.so.6.0.28
7fd7d73ba000-7fd7d73c5000 r--p 001d0000 08:05 788726                     /usr/lib/x86_64-linux-gnu/libstdc++.so.6.0.28
7fd7d73c5000-7fd7d73c8000 rw-p 001db000 08:05 788726                     /usr/lib/x86_64-linux-gnu/libstdc++.so.6.0.28
7fd7d73c8000-7fd7d73cb000 rw-p 00000000 00:00 0 
7fd7d73cb000-7fd7d75c0000 r--p 00000000 08:05 932684                     /usr/lib/jvm/java-8-openjdk-amd64/jre/lib/amd64/server/libjvm.so
7fd7d75c0000-7fd7d7f29000 r-xp 001f5000 08:05 932684                     /usr/lib/jvm/java-8-openjdk-amd64/jre/lib/amd64/server/libjvm.so
7fd7d7f29000-7fd7d80db000 r--p 00b5e000 08:05 932684                     /usr/lib/jvm/java-8-openjdk-amd64/jre/lib/amd64/server/libjvm.so
7fd7d80db000-7fd7d8171000 r--p 00d0f000 08:05 932684                     /usr/lib/jvm/java-8-openjdk-amd64/jre/lib/amd64/server/libjvm.so
7fd7d8171000-7fd7d819a000 rw-p 00da5000 08:05 932684                     /usr/lib/jvm/java-8-openjdk-amd64/jre/lib/amd64/server/libjvm.so
7fd7d819a000-7fd7d81cf000 rw-p 00000000 00:00 0 
7fd7d81cf000-7fd7d81d6000 r--p 00000000 08:05 794477                     /usr/lib/x86_64-linux-gnu/libpthread-2.31.so
7fd7d81d6000-7fd7d81e7000 r-xp 00007000 08:05 794477                     /usr/lib/x86_64-linux-gnu/libpthread-2.31.so
7fd7d81e7000-7fd7d81ec000 r--p 00018000 08:05 794477                     /usr/lib/x86_64-linux-gnu/libpthread-2.31.so
7fd7d81ec000-7fd7d81ed000 r--p 0001c000 08:05 794477                     /usr/lib/x86_64-linux-gnu/libpthread-2.31.so
7fd7d81ed000-7fd7d81ee000 rw-p 0001d000 08:05 794477                     /usr/lib/x86_64-linux-gnu/libpthread-2.31.so
7fd7d81ee000-7fd7d81f2000 rw-p 00000000 00:00 0 
7fd7d81f2000-7fd7d81f3000 r--p 00000000 08:05 793705                     /usr/lib/x86_64-linux-gnu/libdl-2.31.so
7fd7d81f3000-7fd7d81f5000 r-xp 00001000 08:05 793705                     /usr/lib/x86_64-linux-gnu/libdl-2.31.so
7fd7d81f5000-7fd7d81f6000 r--p 00003000 08:05 793705                     /usr/lib/x86_64-linux-gnu/libdl-2.31.so
7fd7d81f6000-7fd7d81f7000 r--p 00003000 08:05 793705                     /usr/lib/x86_64-linux-gnu/libdl-2.31.so
7fd7d81f7000-7fd7d81f8000 rw-p 00004000 08:05 793705                     /usr/lib/x86_64-linux-gnu/libdl-2.31.so
7fd7d81f8000-7fd7d81fa000 r--p 00000000 08:05 794902                     /usr/lib/x86_64-linux-gnu/libz.so.1.2.11
7fd7d81fa000-7fd7d820b000 r-xp 00002000 08:05 794902                     /usr/lib/x86_64-linux-gnu/libz.so.1.2.11
7fd7d820b000-7fd7d8211000 r--p 00013000 08:05 794902                     /usr/lib/x86_64-linux-gnu/libz.so.1.2.11
7fd7d8211000-7fd7d8212000 ---p 00019000 08:05 794902                     /usr/lib/x86_64-linux-gnu/libz.so.1.2.11
7fd7d8212000-7fd7d8213000 r--p 00019000 08:05 794902                     /usr/lib/x86_64-linux-gnu/libz.so.1.2.11
7fd7d8213000-7fd7d8214000 rw-p 0001a000 08:05 794902                     /usr/lib/x86_64-linux-gnu/libz.so.1.2.11
7fd7d8214000-7fd7d8239000 r--p 00000000 08:05 793570                     /usr/lib/x86_64-linux-gnu/libc-2.31.so
7fd7d8239000-7fd7d83b1000 r-xp 00025000 08:05 793570                     /usr/lib/x86_64-linux-gnu/libc-2.31.so
7fd7d83b1000-7fd7d83fb000 r--p 0019d000 08:05 793570                     /usr/lib/x86_64-linux-gnu/libc-2.31.so
7fd7d83fb000-7fd7d83fc000 ---p 001e7000 08:05 793570                     /usr/lib/x86_64-linux-gnu/libc-2.31.so
7fd7d83fc000-7fd7d83ff000 r--p 001e7000 08:05 793570                     /usr/lib/x86_64-linux-gnu/libc-2.31.so
7fd7d83ff000-7fd7d8402000 rw-p 001ea000 08:05 793570                     /usr/lib/x86_64-linux-gnu/libc-2.31.so
7fd7d8402000-7fd7d8406000 rw-p 00000000 00:00 0 
7fd7d8409000-7fd7d840a000 rw-p 00000000 00:00 0 
7fd7d840a000-7fd7d840f000 r--p 00000000 08:05 932681                     /usr/lib/jvm/java-8-openjdk-amd64/jre/lib/amd64/libverify.so
7fd7d840f000-7fd7d8418000 r-xp 00005000 08:05 932681                     /usr/lib/jvm/java-8-openjdk-amd64/jre/lib/amd64/libverify.so
7fd7d8418000-7fd7d841a000 r--p 0000e000 08:05 932681                     /usr/lib/jvm/java-8-openjdk-amd64/jre/lib/amd64/libverify.so
7fd7d841a000-7fd7d841c000 r--p 0000f000 08:05 932681                     /usr/lib/jvm/java-8-openjdk-amd64/jre/lib/amd64/libverify.so
7fd7d841c000-7fd7d841d000 rw-p 00011000 08:05 932681                     /usr/lib/jvm/java-8-openjdk-amd64/jre/lib/amd64/libverify.so
7fd7d841d000-7fd7d8420000 r--p 00000000 08:05 932321                     /usr/lib/jvm/java-8-openjdk-amd64/jre/lib/amd64/jli/libjli.so
7fd7d8420000-7fd7d842a000 r-xp 00003000 08:05 932321                     /usr/lib/jvm/java-8-openjdk-amd64/jre/lib/amd64/jli/libjli.so
7fd7d842a000-7fd7d842d000 r--p 0000d000 08:05 932321                     /usr/lib/jvm/java-8-openjdk-amd64/jre/lib/amd64/jli/libjli.so
7fd7d842d000-7fd7d842e000 r--p 0000f000 08:05 932321                     /usr/lib/jvm/java-8-openjdk-amd64/jre/lib/amd64/jli/libjli.so
7fd7d842e000-7fd7d842f000 rw-p 00010000 08:05 932321                     /usr/lib/jvm/java-8-openjdk-amd64/jre/lib/amd64/jli/libjli.so
7fd7d842f000-7fd7d8431000 rw-p 00000000 00:00 0 
7fd7d8431000-7fd7d8432000 r--p 00000000 08:05 793354                     /usr/lib/x86_64-linux-gnu/ld-2.31.so
7fd7d8432000-7fd7d8455000 r-xp 00001000 08:05 793354                     /usr/lib/x86_64-linux-gnu/ld-2.31.so
7fd7d8455000-7fd7d845d000 r--p 00024000 08:05 793354                     /usr/lib/x86_64-linux-gnu/ld-2.31.so
7fd7d845d000-7fd7d845e000 r--p 00000000 00:00 0 
7fd7d845e000-7fd7d845f000 r--p 0002c000 08:05 793354                     /usr/lib/x86_64-linux-gnu/ld-2.31.so
7fd7d845f000-7fd7d8460000 rw-p 0002d000 08:05 793354                     /usr/lib/x86_64-linux-gnu/ld-2.31.so
7fd7d8460000-7fd7d8461000 rw-p 00000000 00:00 0 
7fff5e498000-7fff5e4b9000 rw-p 00000000 00:00 0                          [stack]
7fff5e56d000-7fff5e571000 r--p 00000000 00:00 0                          [vvar]
7fff5e571000-7fff5e573000 r-xp 00000000 00:00 0                          [vdso]
ffffffffff600000-ffffffffff601000 --xp 00000000 00:00 0                  [vsyscall]

VM Arguments:
jvm_args: -Dscript.name=/usr/bin/groovy -Dprogram.name=groovy -Dgroovy.starter.conf=/usr/share/groovy/conf/groovy-starter.conf -Dgroovy.home=/usr/share/groovy -Dtools.jar=/usr/lib/jvm/java-8-openjdk-amd64/jre//lib/tools.jar 
java_command: org.codehaus.groovy.tools.GroovyStarter --main groovy.ui.GroovyMain --conf /usr/share/groovy/conf/groovy-starter.conf --classpath . -Dport=4466 server_move_shell_script.groovy
java_class_path (initial): /usr/share/groovy/lib/groovy-2.4.17.jar
Launcher Type: SUN_STANDARD

Environment Variables:
JAVA_HOME=/usr/lib/jvm/java-8-openjdk-amd64/jre/
PATH=/usr/bin:/bin
SHELL=/bin/sh

Signal Handlers:
SIGSEGV: [libjvm.so+0xb373b0], sa_mask[0]=11111111011111111101111111111110, sa_flags=SA_RESTART|SA_SIGINFO
SIGBUS: [libjvm.so+0xb373b0], sa_mask[0]=11111111011111111101111111111110, sa_flags=SA_RESTART|SA_SIGINFO
SIGFPE: [libjvm.so+0x97bff0], sa_mask[0]=11111111011111111101111111111110, sa_flags=SA_RESTART|SA_SIGINFO
SIGPIPE: [libjvm.so+0x97bff0], sa_mask[0]=11111111011111111101111111111110, sa_flags=SA_RESTART|SA_SIGINFO
SIGXFSZ: [libjvm.so+0x97bff0], sa_mask[0]=11111111011111111101111111111110, sa_flags=SA_RESTART|SA_SIGINFO
SIGILL: [libjvm.so+0x97bff0], sa_mask[0]=11111111011111111101111111111110, sa_flags=SA_RESTART|SA_SIGINFO
SIGUSR1: SIG_DFL, sa_mask[0]=00000000000000000000000000000000, sa_flags=none
SIGUSR2: [libjvm.so+0x97bea0], sa_mask[0]=00000000000000000000000000000000, sa_flags=SA_RESTART|SA_SIGINFO
SIGHUP: SIG_DFL, sa_mask[0]=00000000000000000000000000000000, sa_flags=none
SIGINT: SIG_DFL, sa_mask[0]=00000000000000000000000000000000, sa_flags=none
SIGTERM: SIG_DFL, sa_mask[0]=00000000000000000000000000000000, sa_flags=none
SIGQUIT: SIG_DFL, sa_mask[0]=00000000000000000000000000000000, sa_flags=none


---------------  S Y S T E M  ---------------

OS:DISTRIB_ID=Ubuntu
DISTRIB_RELEASE=20.04
DISTRIB_CODENAME=focal
DISTRIB_DESCRIPTION="Ubuntu 20.04.3 LTS"

uname:Linux 5.11.0-43-generic #47~20.04.2-Ubuntu SMP Mon Dec 13 11:06:56 UTC 2021 x86_64
libc:glibc 2.31 NPTL 2.31 
rlimit: STACK 8192k, CORE 0k, NPROC 14229, NOFILE 1048576, AS infinity
load average:594.98 589.51 581.54

/proc/meminfo:
MemTotal:        3708160 kB
MemFree:          108868 kB
MemAvailable:      54848 kB
Buffers:            1100 kB
Cached:            52696 kB
SwapCached:         7352 kB
Active:          2157960 kB
Inactive:         595864 kB
Active(anon):    2127764 kB
Inactive(anon):   573640 kB
Active(file):      30196 kB
Inactive(file):    22224 kB
Unevictable:         180 kB
Mlocked:              64 kB
SwapTotal:        904944 kB
SwapFree:             40 kB
Dirty:              9128 kB
Writeback:          1496 kB
AnonPages:       2696180 kB
Mapped:            26936 kB
Shmem:               284 kB
KReclaimable:      94372 kB
Slab:             468176 kB
SReclaimable:      94372 kB
SUnreclaim:       373804 kB
KernelStack:       75888 kB
PageTables:       162112 kB
NFS_Unstable:          0 kB
Bounce:                0 kB
WritebackTmp:          0 kB
CommitLimit:     2759024 kB
Committed_AS:   18749272 kB
VmallocTotal:   34359738367 kB
VmallocUsed:      101056 kB
VmallocChunk:          0 kB
Percpu:            15040 kB
HardwareCorrupted:     0 kB
AnonHugePages:         0 kB
ShmemHugePages:        0 kB
ShmemPmdMapped:        0 kB
FileHugePages:         0 kB
FilePmdMapped:         0 kB
HugePages_Total:       0
HugePages_Free:        0
HugePages_Rsvd:        0
HugePages_Surp:        0
Hugepagesize:       2048 kB
Hugetlb:               0 kB
DirectMap4k:      733788 kB
DirectMap2M:     3145728 kB
DirectMap1G:     1048576 kB

container (cgroup) information:
container_type: cgroupv1
cpu_cpuset_cpus: 0-11
cpu_memory_nodes: 0
active_processor_count: 12
cpu_quota: -1
cpu_period: 100000
cpu_shares: -1
memory_limit_in_bytes: -1
memory_and_swap_limit_in_bytes: -1
memory_soft_limit_in_bytes: -1
memory_usage_in_bytes: 3103895552
memory_max_usage_in_bytes: 3247370240


CPU:total 12 (initial active 12) (6 cores per cpu, 2 threads per core) family 6 model 166 stepping 0, cmov, cx8, fxsr, mmx, sse, sse2, sse3, ssse3, sse4.1, sse4.2, popcnt, avx, avx2, aes, clmul, erms, 3dnowpref, lzcnt, ht, tsc, tscinvbit, bmi1, bmi2, adx

/proc/cpuinfo:
processor	: 0
vendor_id	: GenuineIntel
cpu family	: 6
model		: 166
model name	: Intel(R) Core(TM) i7-10710U CPU @ 1.10GHz
stepping	: 0
microcode	: 0xe8
cpu MHz		: 3379.109
cache size	: 12288 KB
physical id	: 0
siblings	: 12
core id		: 0
cpu cores	: 6
apicid		: 0
initial apicid	: 0
fpu		: yes
fpu_exception	: yes
cpuid level	: 22
wp		: yes
flags		: fpu vme de pse tsc msr pae mce cx8 apic sep mtrr pge mca cmov pat pse36 clflush dts acpi mmx fxsr sse sse2 ss ht tm pbe syscall nx pdpe1gb rdtscp lm constant_tsc art arch_perfmon pebs bts rep_good nopl xtopology nonstop_tsc cpuid aperfmperf pni pclmulqdq dtes64 monitor ds_cpl vmx est tm2 ssse3 sdbg fma cx16 xtpr pdcm pcid sse4_1 sse4_2 x2apic movbe popcnt tsc_deadline_timer aes xsave avx f16c rdrand lahf_lm abm 3dnowprefetch cpuid_fault epb invpcid_single ssbd ibrs ibpb stibp ibrs_enhanced tpr_shadow vnmi flexpriority ept vpid ept_ad fsgsbase tsc_adjust bmi1 avx2 smep bmi2 erms invpcid mpx rdseed adx smap clflushopt intel_pt xsaveopt xsavec xgetbv1 xsaves dtherm ida arat pln pts hwp hwp_notify hwp_act_window hwp_epp md_clear flush_l1d arch_capabilities
vmx flags	: vnmi preemption_timer invvpid ept_x_only ept_ad ept_1gb flexpriority tsc_offset vtpr mtf vapic ept vpid unrestricted_guest ple pml ept_mode_based_exec
bugs		: spectre_v1 spectre_v2 spec_store_bypass swapgs itlb_multihit
bogomips	: 3199.92
clflush size	: 64
cache_alignment	: 64
address sizes	: 39 bits physical, 48 bits virtual
power management:

processor	: 1
vendor_id	: GenuineIntel
cpu family	: 6
model		: 166
model name	: Intel(R) Core(TM) i7-10710U CPU @ 1.10GHz
stepping	: 0
microcode	: 0xe8
cpu MHz		: 3900.005
cache size	: 12288 KB
physical id	: 0
siblings	: 12
core id		: 1
cpu cores	: 6
apicid		: 2
initial apicid	: 2
fpu		: yes
fpu_exception	: yes
cpuid level	: 22
wp		: yes
flags		: fpu vme de pse tsc msr pae mce cx8 apic sep mtrr pge mca cmov pat pse36 clflush dts acpi mmx fxsr sse sse2 ss ht tm pbe syscall nx pdpe1gb rdtscp lm constant_tsc art arch_perfmon pebs bts rep_good nopl xtopology nonstop_tsc cpuid aperfmperf pni pclmulqdq dtes64 monitor ds_cpl vmx est tm2 ssse3 sdbg fma cx16 xtpr pdcm pcid sse4_1 sse4_2 x2apic movbe popcnt tsc_deadline_timer aes xsave avx f16c rdrand lahf_lm abm 3dnowprefetch cpuid_fault epb invpcid_single ssbd ibrs ibpb stibp ibrs_enhanced tpr_shadow vnmi flexpriority ept vpid ept_ad fsgsbase tsc_adjust bmi1 avx2 smep bmi2 erms invpcid mpx rdseed adx smap clflushopt intel_pt xsaveopt xsavec xgetbv1 xsaves dtherm ida arat pln pts hwp hwp_notify hwp_act_window hwp_epp md_clear flush_l1d arch_capabilities
vmx flags	: vnmi preemption_timer invvpid ept_x_only ept_ad ept_1gb flexpriority tsc_offset vtpr mtf vapic ept vpid unrestricted_guest ple pml ept_mode_based_exec
bugs		: spectre_v1 spectre_v2 spec_store_bypass swapgs itlb_multihit
bogomips	: 3199.92
clflush size	: 64
cache_alignment	: 64
address sizes	: 39 bits physical, 48 bits virtual
power management:

processor	: 2
vendor_id	: GenuineIntel
cpu family	: 6
model		: 166
model name	: Intel(R) Core(TM) i7-10710U CPU @ 1.10GHz
stepping	: 0
microcode	: 0xe8
cpu MHz		: 3900.002
cache size	: 12288 KB
physical id	: 0
siblings	: 12
core id		: 2
cpu cores	: 6
apicid		: 4
initial apicid	: 4
fpu		: yes
fpu_exception	: yes
cpuid level	: 22
wp		: yes
flags		: fpu vme de pse tsc msr pae mce cx8 apic sep mtrr pge mca cmov pat pse36 clflush dts acpi mmx fxsr sse sse2 ss ht tm pbe syscall nx pdpe1gb rdtscp lm constant_tsc art arch_perfmon pebs bts rep_good nopl xtopology nonstop_tsc cpuid aperfmperf pni pclmulqdq dtes64 monitor ds_cpl vmx est tm2 ssse3 sdbg fma cx16 xtpr pdcm pcid sse4_1 sse4_2 x2apic movbe popcnt tsc_deadline_timer aes xsave avx f16c rdrand lahf_lm abm 3dnowprefetch cpuid_fault epb invpcid_single ssbd ibrs ibpb stibp ibrs_enhanced tpr_shadow vnmi flexpriority ept vpid ept_ad fsgsbase tsc_adjust bmi1 avx2 smep bmi2 erms invpcid mpx rdseed adx smap clflushopt intel_pt xsaveopt xsavec xgetbv1 xsaves dtherm ida arat pln pts hwp hwp_notify hwp_act_window hwp_epp md_clear flush_l1d arch_capabilities
vmx flags	: vnmi preemption_timer invvpid ept_x_only ept_ad ept_1gb flexpriority tsc_offset vtpr mtf vapic ept vpid unrestricted_guest ple pml ept_mode_based_exec
bugs		: spectre_v1 spectre_v2 spec_store_bypass swapgs itlb_multihit
bogomips	: 3199.92
clflush size	: 64
cache_alignment	: 64
address sizes	: 39 bits physical, 48 bits virtual
power management:

processor	: 3
vendor_id	: GenuineIntel
cpu family	: 6
model		: 166
model name	: Intel(R) Core(TM) i7-10710U CPU @ 1.10GHz
stepping	: 0
microcode	: 0xe8
cpu MHz		: 3900.008
cache size	: 12288 KB
physical id	: 0
siblings	: 12
core id		: 3
cpu cores	: 6
apicid		: 6
initial apicid	: 6
fpu		: yes
fpu_exception	: yes
cpuid level	: 22
wp		: yes
flags		: fpu vme de pse tsc msr pae mce cx8 apic sep mtrr pge mca cmov pat pse36 clflush dts acpi mmx fxsr sse sse2 ss ht tm pbe syscall nx pdpe1gb rdtscp lm constant_tsc art arch_perfmon pebs bts rep_good nopl xtopology nonstop_tsc cpuid aperfmperf pni pclmulqdq dtes64 monitor ds_cpl vmx est tm2 ssse3 sdbg fma cx16 xtpr pdcm pcid sse4_1 sse4_2 x2apic movbe popcnt tsc_deadline_timer aes xsave avx f16c rdrand lahf_lm abm 3dnowprefetch cpuid_fault epb invpcid_single ssbd ibrs ibpb stibp ibrs_enhanced tpr_shadow vnmi flexpriority ept vpid ept_ad fsgsbase tsc_adjust bmi1 avx2 smep bmi2 erms invpcid mpx rdseed adx smap clflushopt intel_pt xsaveopt xsavec xgetbv1 xsaves dtherm ida arat pln pts hwp hwp_notify hwp_act_window hwp_epp md_clear flush_l1d arch_capabilities
vmx flags	: vnmi preemption_timer invvpid ept_x_only ept_ad ept_1gb flexpriority tsc_offset vtpr mtf vapic ept vpid unrestricted_guest ple pml ept_mode_based_exec
bugs		: spectre_v1 spectre_v2 spec_store_bypass swapgs itlb_multihit
bogomips	: 3199.92
clflush size	: 64
cache_alignment	: 64
address sizes	: 39 bits physical, 48 bits virtual
power management:

processor	: 4
vendor_id	: GenuineIntel
cpu family	: 6
model		: 166
model name	: Intel(R) Core(TM) i7-10710U CPU @ 1.10GHz
stepping	: 0
microcode	: 0xe8
cpu MHz		: 1600.000
cache size	: 12288 KB
physical id	: 0
siblings	: 12
core id		: 4
cpu cores	: 6
apicid		: 8
initial apicid	: 8
fpu		: yes
fpu_exception	: yes
cpuid level	: 22
wp		: yes
flags		: fpu vme de pse tsc msr pae mce cx8 apic sep mtrr pge mca cmov pat pse36 clflush dts acpi mmx fxsr sse sse2 ss ht tm pbe syscall nx pdpe1gb rdtscp lm constant_tsc art arch_perfmon pebs bts rep_good nopl xtopology nonstop_tsc cpuid aperfmperf pni pclmulqdq dtes64 monitor ds_cpl vmx est tm2 ssse3 sdbg fma cx16 xtpr pdcm pcid sse4_1 sse4_2 x2apic movbe popcnt tsc_deadline_timer aes xsave avx f16c rdrand lahf_lm abm 3dnowprefetch cpuid_fault epb invpcid_single ssbd ibrs ibpb stibp ibrs_enhanced tpr_shadow vnmi flexpriority ept vpid ept_ad fsgsbase tsc_adjust bmi1 avx2 smep bmi2 erms invpcid mpx rdseed adx smap clflushopt intel_pt xsaveopt xsavec xgetbv1 xsaves dtherm ida arat pln pts hwp hwp_notify hwp_act_window hwp_epp md_clear flush_l1d arch_capabilities
vmx flags	: vnmi preemption_timer invvpid ept_x_only ept_ad ept_1gb flexpriority tsc_offset vtpr mtf vapic ept vpid unrestricted_guest ple pml ept_mode_based_exec
bugs		: spectre_v1 spectre_v2 spec_store_bypass swapgs itlb_multihit
bogomips	: 3199.92
clflush size	: 64
cache_alignment	: 64
address sizes	: 39 bits physical, 48 bits virtual
power management:

processor	: 5
vendor_id	: GenuineIntel
cpu family	: 6
model		: 166
model name	: Intel(R) Core(TM) i7-10710U CPU @ 1.10GHz
stepping	: 0
microcode	: 0xe8
cpu MHz		: 1600.000
cache size	: 12288 KB
physical id	: 0
siblings	: 12
core id		: 5
cpu cores	: 6
apicid		: 10
initial apicid	: 10
fpu		: yes
fpu_exception	: yes
cpuid level	: 22
wp		: yes
flags		: fpu vme de pse tsc msr pae mce cx8 apic sep mtrr pge mca cmov pat pse36 clflush dts acpi mmx fxsr sse sse2 ss ht tm pbe syscall nx pdpe1gb rdtscp lm constant_tsc art arch_perfmon pebs bts rep_good nopl xtopology nonstop_tsc cpuid aperfmperf pni pclmulqdq dtes64 monitor ds_cpl vmx est tm2 ssse3 sdbg fma cx16 xtpr pdcm pcid sse4_1 sse4_2 x2apic movbe popcnt tsc_deadline_timer aes xsave avx f16c rdrand lahf_lm abm 3dnowprefetch cpuid_fault epb invpcid_single ssbd ibrs ibpb stibp ibrs_enhanced tpr_shadow vnmi flexpriority ept vpid ept_ad fsgsbase tsc_adjust bmi1 avx2 smep bmi2 erms invpcid mpx rdseed adx smap clflushopt intel_pt xsaveopt xsavec xgetbv1 xsaves dtherm ida arat pln pts hwp hwp_notify hwp_act_window hwp_epp md_clear flush_l1d arch_capabilities
vmx flags	: vnmi preemption_timer invvpid ept_x_only ept_ad ept_1gb flexpriority tsc_offset vtpr mtf vapic ept vpid unrestricted_guest ple pml ept_mode_based_exec
bugs		: spectre_v1 spectre_v2 spec_store_bypass swapgs itlb_multihit
bogomips	: 3199.92
clflush size	: 64
cache_alignment	: 64
address sizes	: 39 bits physical, 48 bits virtual
power management:

processor	: 6
vendor_id	: GenuineIntel
cpu family	: 6
model		: 166
model name	: Intel(R) Core(TM) i7-10710U CPU @ 1.10GHz
stepping	: 0
microcode	: 0xe8
cpu MHz		: 1600.000
cache size	: 12288 KB
physical id	: 0
siblings	: 12
core id		: 0
cpu cores	: 6
apicid		: 1
initial apicid	: 1
fpu		: yes
fpu_exception	: yes
cpuid level	: 22
wp		: yes
flags		: fpu vme de pse tsc msr pae mce cx8 apic sep mtrr pge mca cmov pat pse36 clflush dts acpi mmx fxsr sse sse2 ss ht tm pbe syscall nx pdpe1gb rdtscp lm constant_tsc art arch_perfmon pebs bts rep_good nopl xtopology nonstop_tsc cpuid aperfmperf pni pclmulqdq dtes64 monitor ds_cpl vmx est tm2 ssse3 sdbg fma cx16 xtpr pdcm pcid sse4_1 sse4_2 x2apic movbe popcnt tsc_deadline_timer aes xsave avx f16c rdrand lahf_lm abm 3dnowprefetch cpuid_fault epb invpcid_single ssbd ibrs ibpb stibp ibrs_enhanced tpr_shadow vnmi flexpriority ept vpid ept_ad fsgsbase tsc_adjust bmi1 avx2 smep bmi2 erms invpcid mpx rdseed adx smap clflushopt intel_pt xsaveopt xsavec xgetbv1 xsaves dtherm ida arat pln pts hwp hwp_notify hwp_act_window hwp_epp md_clear flush_l1d arch_capabilities
vmx flags	: vnmi preemption_timer invvpid ept_x_only ept_ad ept_1gb flexpriority tsc_offset vtpr mtf vapic ept vpid unrestricted_guest ple pml ept_mode_based_exec
bugs		: spectre_v1 spectre_v2 spec_store_bypass swapgs itlb_multihit
bogomips	: 3199.92
clflush size	: 64
cache_alignment	: 64
address sizes	: 39 bits physical, 48 bits virtual
power management:

processor	: 7
vendor_id	: GenuineIntel
cpu family	: 6
model		: 166
model name	: Intel(R) Core(TM) i7-10710U CPU @ 1.10GHz
stepping	: 0
microcode	: 0xe8
cpu MHz		: 3899.989
cache size	: 12288 KB
physical id	: 0
siblings	: 12
core id		: 1
cpu cores	: 6
apicid		: 3
initial apicid	: 3
fpu		: yes
fpu_exception	: yes
cpuid level	: 22
wp		: yes
flags		: fpu vme de pse tsc msr pae mce cx8 apic sep mtrr pge mca cmov pat pse36 clflush dts acpi mmx fxsr sse sse2 ss ht tm pbe syscall nx pdpe1gb rdtscp lm constant_tsc art arch_perfmon pebs bts rep_good nopl xtopology nonstop_tsc cpuid aperfmperf pni pclmulqdq dtes64 monitor ds_cpl vmx est tm2 ssse3 sdbg fma cx16 xtpr pdcm pcid sse4_1 sse4_2 x2apic movbe popcnt tsc_deadline_timer aes xsave avx f16c rdrand lahf_lm abm 3dnowprefetch cpuid_fault epb invpcid_single ssbd ibrs ibpb stibp ibrs_enhanced tpr_shadow vnmi flexpriority ept vpid ept_ad fsgsbase tsc_adjust bmi1 avx2 smep bmi2 erms invpcid mpx rdseed adx smap clflushopt intel_pt xsaveopt xsavec xgetbv1 xsaves dtherm ida arat pln pts hwp hwp_notify hwp_act_window hwp_epp md_clear flush_l1d arch_capabilities
vmx flags	: vnmi preemption_timer invvpid ept_x_only ept_ad ept_1gb flexpriority tsc_offset vtpr mtf vapic ept vpid unrestricted_guest ple pml ept_mode_based_exec
bugs		: spectre_v1 spectre_v2 spec_store_bypass swapgs itlb_multihit
bogomips	: 3199.92
clflush size	: 64
cache_alignment	: 64
address sizes	: 39 bits physical, 48 bits virtual
power management:

processor	: 8
vendor_id	: GenuineIntel
cpu family	: 6
model		: 166
model name	: Intel(R) Core(TM) i7-10710U CPU @ 1.10GHz
stepping	: 0
microcode	: 0xe8
cpu MHz		: 1600.000
cache size	: 12288 KB
physical id	: 0
siblings	: 12
core id		: 2
cpu cores	: 6
apicid		: 5
initial apicid	: 5
fpu		: yes
fpu_exception	: yes
cpuid level	: 22
wp		: yes
flags		: fpu vme de pse tsc msr pae mce cx8 apic sep mtrr pge mca cmov pat pse36 clflush dts acpi mmx fxsr sse sse2 ss ht tm pbe syscall nx pdpe1gb rdtscp lm constant_tsc art arch_perfmon pebs bts rep_good nopl xtopology nonstop_tsc cpuid aperfmperf pni pclmulqdq dtes64 monitor ds_cpl vmx est tm2 ssse3 sdbg fma cx16 xtpr pdcm pcid sse4_1 sse4_2 x2apic movbe popcnt tsc_deadline_timer aes xsave avx f16c rdrand lahf_lm abm 3dnowprefetch cpuid_fault epb invpcid_single ssbd ibrs ibpb stibp ibrs_enhanced tpr_shadow vnmi flexpriority ept vpid ept_ad fsgsbase tsc_adjust bmi1 avx2 smep bmi2 erms invpcid mpx rdseed adx smap clflushopt intel_pt xsaveopt xsavec xgetbv1 xsaves dtherm ida arat pln pts hwp hwp_notify hwp_act_window hwp_epp md_clear flush_l1d arch_capabilities
vmx flags	: vnmi preemption_timer invvpid ept_x_only ept_ad ept_1gb flexpriority tsc_offset vtpr mtf vapic ept vpid unrestricted_guest ple pml ept_mode_based_exec
bugs		: spectre_v1 spectre_v2 spec_store_bypass swapgs itlb_multihit
bogomips	: 3199.92
clflush size	: 64
cache_alignment	: 64
address sizes	: 39 bits physical, 48 bits virtual
power management:

processor	: 9
vendor_id	: GenuineIntel
cpu family	: 6
model		: 166
model name	: Intel(R) Core(TM) i7-10710U CPU @ 1.10GHz
stepping	: 0
microcode	: 0xe8
cpu MHz		: 3900.014
cache size	: 12288 KB
physical id	: 0
siblings	: 12
core id		: 3
cpu cores	: 6
apicid		: 7
initial apicid	: 7
fpu		: yes
fpu_exception	: yes
cpuid level	: 22
wp		: yes
flags		: fpu vme de pse tsc msr pae mce cx8 apic sep mtrr pge mca cmov pat pse36 clflush dts acpi mmx fxsr sse sse2 ss ht tm pbe syscall nx pdpe1gb rdtscp lm constant_tsc art arch_perfmon pebs bts rep_good nopl xtopology nonstop_tsc cpuid aperfmperf pni pclmulqdq dtes64 monitor ds_cpl vmx est tm2 ssse3 sdbg fma cx16 xtpr pdcm pcid sse4_1 sse4_2 x2apic movbe popcnt tsc_deadline_timer aes xsave avx f16c rdrand lahf_lm abm 3dnowprefetch cpuid_fault epb invpcid_single ssbd ibrs ibpb stibp ibrs_enhanced tpr_shadow vnmi flexpriority ept vpid ept_ad fsgsbase tsc_adjust bmi1 avx2 smep bmi2 erms invpcid mpx rdseed adx smap clflushopt intel_pt xsaveopt xsavec xgetbv1 xsaves dtherm ida arat pln pts hwp hwp_notify hwp_act_window hwp_epp md_clear flush_l1d arch_capabilities
vmx flags	: vnmi preemption_timer invvpid ept_x_only ept_ad ept_1gb flexpriority tsc_offset vtpr mtf vapic ept vpid unrestricted_guest ple pml ept_mode_based_exec
bugs		: spectre_v1 spectre_v2 spec_store_bypass swapgs itlb_multihit
bogomips	: 3199.92
clflush size	: 64
cache_alignment	: 64
address sizes	: 39 bits physical, 48 bits virtual
power management:

processor	: 10
vendor_id	: GenuineIntel
cpu family	: 6
model		: 166
model name	: Intel(R) Core(TM) i7-10710U CPU @ 1.10GHz
stepping	: 0
microcode	: 0xe8
cpu MHz		: 3900.015
cache size	: 12288 KB
physical id	: 0
siblings	: 12
core id		: 4
cpu cores	: 6
apicid		: 9
initial apicid	: 9
fpu		: yes
fpu_exception	: yes
cpuid level	: 22
wp		: yes
flags		: fpu vme de pse tsc msr pae mce cx8 apic sep mtrr pge mca cmov pat pse36 clflush dts acpi mmx fxsr sse sse2 ss ht tm pbe syscall nx pdpe1gb rdtscp lm constant_tsc art arch_perfmon pebs bts rep_good nopl xtopology nonstop_tsc cpuid aperfmperf pni pclmulqdq dtes64 monitor ds_cpl vmx est tm2 ssse3 sdbg fma cx16 xtpr pdcm pcid sse4_1 sse4_2 x2apic movbe popcnt tsc_deadline_timer aes xsave avx f16c rdrand lahf_lm abm 3dnowprefetch cpuid_fault epb invpcid_single ssbd ibrs ibpb stibp ibrs_enhanced tpr_shadow vnmi flexpriority ept vpid ept_ad fsgsbase tsc_adjust bmi1 avx2 smep bmi2 erms invpcid mpx rdseed adx smap clflushopt intel_pt xsaveopt xsavec xgetbv1 xsaves dtherm ida arat pln pts hwp hwp_notify hwp_act_window hwp_epp md_clear flush_l1d arch_capabilities
vmx flags	: vnmi preemption_timer invvpid ept_x_only ept_ad ept_1gb flexpriority tsc_offset vtpr mtf vapic ept vpid unrestricted_guest ple pml ept_mode_based_exec
bugs		: spectre_v1 spectre_v2 spec_store_bypass swapgs itlb_multihit
bogomips	: 3199.92
clflush size	: 64
cache_alignment	: 64
address sizes	: 39 bits physical, 48 bits virtual
power management:

processor	: 11
vendor_id	: GenuineIntel
cpu family	: 6
model		: 166
model name	: Intel(R) Core(TM) i7-10710U CPU @ 1.10GHz
stepping	: 0
microcode	: 0xe8
cpu MHz		: 1600.000
cache size	: 12288 KB
physical id	: 0
siblings	: 12
core id		: 5
cpu cores	: 6
apicid		: 11
initial apicid	: 11
fpu		: yes
fpu_exception	: yes
cpuid level	: 22
wp		: yes
flags		: fpu vme de pse tsc msr pae mce cx8 apic sep mtrr pge mca cmov pat pse36 clflush dts acpi mmx fxsr sse sse2 ss ht tm pbe syscall nx pdpe1gb rdtscp lm constant_tsc art arch_perfmon pebs bts rep_good nopl xtopology nonstop_tsc cpuid aperfmperf pni pclmulqdq dtes64 monitor ds_cpl vmx est tm2 ssse3 sdbg fma cx16 xtpr pdcm pcid sse4_1 sse4_2 x2apic movbe popcnt tsc_deadline_timer aes xsave avx f16c rdrand lahf_lm abm 3dnowprefetch cpuid_fault epb invpcid_single ssbd ibrs ibpb stibp ibrs_enhanced tpr_shadow vnmi flexpriority ept vpid ept_ad fsgsbase tsc_adjust bmi1 avx2 smep bmi2 erms invpcid mpx rdseed adx smap clflushopt intel_pt xsaveopt xsavec xgetbv1 xsaves dtherm ida arat pln pts hwp hwp_notify hwp_act_window hwp_epp md_clear flush_l1d arch_capabilities
vmx flags	: vnmi preemption_timer invvpid ept_x_only ept_ad ept_1gb flexpriority tsc_offset vtpr mtf vapic ept vpid unrestricted_guest ple pml ept_mode_based_exec
bugs		: spectre_v1 spectre_v2 spec_store_bypass swapgs itlb_multihit
bogomips	: 3199.92
clflush size	: 64
cache_alignment	: 64
address sizes	: 39 bits physical, 48 bits virtual
power management:



Memory: 4k page, physical 3708160k(104908k free), swap 904944k(40k free)

vm_info: OpenJDK 64-Bit Server VM (25.312-b07) for linux-amd64 JRE (1.8.0_312-8u312-b07-0ubuntu1~20.04-b07), built on Nov  3 2021 13:54:59 by "buildd" with gcc 9.3.0

time: Sat Dec 25 11:40:39 2021
timezone: PST
elapsed time: 4.266054 seconds (0d 0h 0m 4s)

